
> bfps@0.0.1 check
> svelte-kit sync && svelte-check --tsconfig ./tsconfig.json

Loading svelte-check in workspace: /home/moueen-togarvi/code/Baba-Farid-School-Website/bfps
Getting Svelte diagnostics...

/home/moueen-togarvi/code/Baba-Farid-School-Website/bfps/src/routes/admissions/+page.svelte:151:82
Error: Object literal may only specify known properties, and '"disabled"' does not exist in type '$$ComponentProps'. (ts)
              <div class="pt-4">
                <Button type="submit" variant="primary" class="w-full sm:w-auto" disabled={formState === 'submitting'}>
                  {#if formState === 'submitting'}

/home/moueen-togarvi/code/Baba-Farid-School-Website/bfps/src/routes/contact/+page.svelte:123:71
Error: Object literal may only specify known properties, and '"disabled"' does not exist in type '$$ComponentProps'. (ts)
               
               <Button type="submit" variant="primary" class="w-full" disabled={formState === 'submitting'}>
                 {#if formState === 'submitting'}

/home/moueen-togarvi/code/Baba-Farid-School-Website/bfps/src/routes/gallery/+page.svelte:73:3
Warn: Elements with the 'dialog' interactive role must have a tabindex value
https://svelte.dev/e/a11y_interactive_supports_focus (svelte)
  <!-- svelte-ignore a11y_no_noninteractive_element_interactions -->
  <div 
    class="fixed inset-0 z-[100] flex items-center justify-center bg-black/90 p-4 backdrop-blur-sm animate-in fade-in duration-200"
    role="dialog"
    aria-modal="true"
    onclick={closeLightbox}
  >
    <button class="absolute right-6 top-6 rounded-full bg-white/10 p-2 text-white hover:bg-white/20 focus:outline-none" onclick={closeLightbox}>
      <svg class="h-8 w-8" fill="none" viewBox="0 0 24 24" stroke="currentColor" stroke-width="2">
        <path stroke-linecap="round" stroke-linejoin="round" d="M6 18L18 6M6 6l12 12" />
      </svg>
    </button>
    
    <div 
      class="relative aspect-video w-full max-w-5xl overflow-hidden rounded-2xl {images.find(i => i.id === selectedImage)?.color}"
      onclick={(e) => e.stopPropagation()}
    >
       <div class="absolute inset-0 flex items-center justify-center">
         <div class="text-center text-white">
           <svg class="mx-auto mb-4 h-24 w-24 opacity-30" fill="none" viewBox="0 0 24 24" stroke="currentColor">
              <path stroke-linecap="round" stroke-linejoin="round" stroke-width="1.5" d="M4 16l4.586-4.586a2 2 0 012.828 0L16 16m-2-2l1.586-1.586a2 2 0 012.828 0L20 14m-6-6h.01M6 20h12a2 2 0 002-2V6a2 2 0 00-2-2H6a2 2 0 00-2 2v12a2 2 0 002 2z" />
           </svg>
           <h2 class="text-3xl font-bold">{images.find(i => i.id === selectedImage)?.title}</h2>
           <p class="mt-2 text-white/70">Placeholder image. Add real photos to src/lib/data and link them.</p>
         </div>
       </div>
    </div>
  </div>
{/if}

/home/moueen-togarvi/code/Baba-Farid-School-Website/bfps/src/routes/gallery/+page.svelte:79:5
Warn: Buttons and links should either contain text or have an `aria-label`, `aria-labelledby` or `title` attribute
https://svelte.dev/e/a11y_consider_explicit_label (svelte)
  >
    <button class="absolute right-6 top-6 rounded-full bg-white/10 p-2 text-white hover:bg-white/20 focus:outline-none" onclick={closeLightbox}>
      <svg class="h-8 w-8" fill="none" viewBox="0 0 24 24" stroke="currentColor" stroke-width="2">
        <path stroke-linecap="round" stroke-linejoin="round" d="M6 18L18 6M6 6l12 12" />
      </svg>
    </button>

/home/moueen-togarvi/code/Baba-Farid-School-Website/bfps/src/routes/gallery/+page.svelte:85:5
Warn: `<div>` with a click handler must have an ARIA role
https://svelte.dev/e/a11y_no_static_element_interactions (svelte)
    
    <div 
      class="relative aspect-video w-full max-w-5xl overflow-hidden rounded-2xl {images.find(i => i.id === selectedImage)?.color}"
      onclick={(e) => e.stopPropagation()}
    >
       <div class="absolute inset-0 flex items-center justify-center">
         <div class="text-center text-white">
           <svg class="mx-auto mb-4 h-24 w-24 opacity-30" fill="none" viewBox="0 0 24 24" stroke="currentColor">
              <path stroke-linecap="round" stroke-linejoin="round" stroke-width="1.5" d="M4 16l4.586-4.586a2 2 0 012.828 0L16 16m-2-2l1.586-1.586a2 2 0 012.828 0L20 14m-6-6h.01M6 20h12a2 2 0 002-2V6a2 2 0 00-2-2H6a2 2 0 00-2 2v12a2 2 0 002 2z" />
           </svg>
           <h2 class="text-3xl font-bold">{images.find(i => i.id === selectedImage)?.title}</h2>
           <p class="mt-2 text-white/70">Placeholder image. Add real photos to src/lib/data and link them.</p>
         </div>
       </div>
    </div>
  </div>

====================================
svelte-check found 2 errors and 3 warnings in 3 files
